{"/Users/henriquehermes/Documents/G2i-ReactNative/src/config/api.ts": {"path":"/Users/henriquehermes/Documents/G2i-ReactNative/src/config/api.ts","statementMap":{"0":{"start":{"line":3,"column":16},"end":{"line":3,"column":38}},"1":{"start":{"line":5,"column":12},"end":{"line":7,"column":2}}},"fnMap":{},"branchMap":{},"s":{"0":1,"1":1},"f":{},"b":{},"_coverageSchema":"1a1c01bbd47fc00a2c39e90264f33305004495a9","hash":"fb18aa8b63e07deb56ec7de9190de4aeb735accd"}
,"/Users/henriquehermes/Documents/G2i-ReactNative/src/models/Questions.ts": {"path":"/Users/henriquehermes/Documents/G2i-ReactNative/src/models/Questions.ts","statementMap":{"0":{"start":{"line":17,"column":8},"end":{"line":17,"column":66}},"1":{"start":{"line":21,"column":8},"end":{"line":21,"column":35}},"2":{"start":{"line":21,"column":25},"end":{"line":21,"column":35}},"3":{"start":{"line":22,"column":8},"end":{"line":22,"column":62}},"4":{"start":{"line":22,"column":38},"end":{"line":22,"column":60}},"5":{"start":{"line":36,"column":25},"end":{"line":36,"column":59}},"6":{"start":{"line":37,"column":31},"end":{"line":37,"column":58}},"7":{"start":{"line":39,"column":8},"end":{"line":39,"column":58}},"8":{"start":{"line":40,"column":8},"end":{"line":40,"column":79}},"9":{"start":{"line":41,"column":8},"end":{"line":41,"column":44}},"10":{"start":{"line":42,"column":8},"end":{"line":42,"column":56}},"11":{"start":{"line":43,"column":8},"end":{"line":43,"column":52}},"12":{"start":{"line":44,"column":8},"end":{"line":44,"column":64}},"13":{"start":{"line":45,"column":8},"end":{"line":45,"column":70}}},"fnMap":{"0":{"name":"(anonymous_0)","decl":{"start":{"line":16,"column":4},"end":{"line":16,"column":5}},"loc":{"start":{"line":16,"column":28},"end":{"line":18,"column":5}},"line":16},"1":{"name":"(anonymous_1)","decl":{"start":{"line":20,"column":4},"end":{"line":20,"column":5}},"loc":{"start":{"line":20,"column":32},"end":{"line":23,"column":5}},"line":20},"2":{"name":"(anonymous_2)","decl":{"start":{"line":22,"column":30},"end":{"line":22,"column":31}},"loc":{"start":{"line":22,"column":38},"end":{"line":22,"column":60}},"line":22},"3":{"name":"(anonymous_3)","decl":{"start":{"line":35,"column":4},"end":{"line":35,"column":5}},"loc":{"start":{"line":35,"column":22},"end":{"line":46,"column":5}},"line":35}},"branchMap":{"0":{"loc":{"start":{"line":21,"column":8},"end":{"line":21,"column":35}},"type":"if","locations":[{"start":{"line":21,"column":8},"end":{"line":21,"column":35}},{"start":{"line":21,"column":8},"end":{"line":21,"column":35}}],"line":21},"1":{"loc":{"start":{"line":39,"column":24},"end":{"line":39,"column":57}},"type":"cond-expr","locations":[{"start":{"line":39,"column":36},"end":{"line":39,"column":46}},{"start":{"line":39,"column":49},"end":{"line":39,"column":57}}],"line":39},"2":{"loc":{"start":{"line":40,"column":27},"end":{"line":40,"column":78}},"type":"cond-expr","locations":[{"start":{"line":40,"column":45},"end":{"line":40,"column":54}},{"start":{"line":40,"column":57},"end":{"line":40,"column":78}}],"line":40}},"s":{"0":1,"1":1,"2":0,"3":1,"4":1,"5":1,"6":1,"7":1,"8":1,"9":1,"10":1,"11":1,"12":1,"13":1},"f":{"0":1,"1":1,"2":1,"3":1},"b":{"0":[0,1],"1":[0,1],"2":[0,1]},"_coverageSchema":"1a1c01bbd47fc00a2c39e90264f33305004495a9","hash":"de6275bd4a305fe272cb68984303e46c25afc9d4"}
,"/Users/henriquehermes/Documents/G2i-ReactNative/src/services/Onboarding.ts": {"path":"/Users/henriquehermes/Documents/G2i-ReactNative/src/services/Onboarding.ts","statementMap":{"0":{"start":{"line":4,"column":22},"end":{"line":4,"column":70}},"1":{"start":{"line":7,"column":21},"end":{"line":7,"column":49}},"2":{"start":{"line":8,"column":26},"end":{"line":8,"column":50}},"3":{"start":{"line":10,"column":4},"end":{"line":10,"column":21}}},"fnMap":{"0":{"name":"getQuestions","decl":{"start":{"line":6,"column":30},"end":{"line":6,"column":42}},"loc":{"start":{"line":6,"column":45},"end":{"line":11,"column":1}},"line":6}},"branchMap":{},"s":{"0":1,"1":1,"2":1,"3":1},"f":{"0":1},"b":{},"_coverageSchema":"1a1c01bbd47fc00a2c39e90264f33305004495a9","hash":"b0d360174039b64baec13310689536d79324fc6c"}
,"/Users/henriquehermes/Documents/G2i-ReactNative/src/store/reducers/general/actions.ts": {"path":"/Users/henriquehermes/Documents/G2i-ReactNative/src/store/reducers/general/actions.ts","statementMap":{"0":{"start":{"line":4,"column":4},"end":{"line":7,"column":6}}},"fnMap":{"0":{"name":"setIsLoading","decl":{"start":{"line":3,"column":16},"end":{"line":3,"column":28}},"loc":{"start":{"line":3,"column":69},"end":{"line":8,"column":1}},"line":3}},"branchMap":{},"s":{"0":1},"f":{"0":1},"b":{},"_coverageSchema":"1a1c01bbd47fc00a2c39e90264f33305004495a9","hash":"28fc50f41322a8d48db0aa74121064c27e049400"}
,"/Users/henriquehermes/Documents/G2i-ReactNative/src/store/reducers/general/reducer.ts": {"path":"/Users/henriquehermes/Documents/G2i-ReactNative/src/store/reducers/general/reducer.ts","statementMap":{"0":{"start":{"line":3,"column":36},"end":{"line":5,"column":1}},"1":{"start":{"line":8,"column":4},"end":{"line":17,"column":5}},"2":{"start":{"line":10,"column":12},"end":{"line":13,"column":14}},"3":{"start":{"line":16,"column":12},"end":{"line":16,"column":25}}},"fnMap":{"0":{"name":"(anonymous_0)","decl":{"start":{"line":7,"column":15},"end":{"line":7,"column":16}},"loc":{"start":{"line":7,"column":70},"end":{"line":18,"column":1}},"line":7}},"branchMap":{"0":{"loc":{"start":{"line":7,"column":16},"end":{"line":7,"column":37}},"type":"default-arg","locations":[{"start":{"line":7,"column":24},"end":{"line":7,"column":37}}],"line":7},"1":{"loc":{"start":{"line":8,"column":4},"end":{"line":17,"column":5}},"type":"switch","locations":[{"start":{"line":9,"column":8},"end":{"line":14,"column":9}},{"start":{"line":15,"column":8},"end":{"line":16,"column":25}}],"line":8}},"s":{"0":1,"1":1,"2":1,"3":0},"f":{"0":1},"b":{"0":[1],"1":[1,0]},"_coverageSchema":"1a1c01bbd47fc00a2c39e90264f33305004495a9","hash":"6426b3beca86e5c2fe4c48d64dc18630e1277b78"}
,"/Users/henriquehermes/Documents/G2i-ReactNative/src/store/reducers/general/types.ts": {"path":"/Users/henriquehermes/Documents/G2i-ReactNative/src/store/reducers/general/types.ts","statementMap":{"0":{"start":{"line":1,"column":27},"end":{"line":1,"column":40}}},"fnMap":{},"branchMap":{},"s":{"0":2},"f":{},"b":{},"_coverageSchema":"1a1c01bbd47fc00a2c39e90264f33305004495a9","hash":"f7ef90616e036fe626e340f4fcfb1e993d93cd60"}
,"/Users/henriquehermes/Documents/G2i-ReactNative/src/store/reducers/questions/actions.ts": {"path":"/Users/henriquehermes/Documents/G2i-ReactNative/src/store/reducers/questions/actions.ts","statementMap":{"0":{"start":{"line":13,"column":4},"end":{"line":16,"column":6}},"1":{"start":{"line":20,"column":4},"end":{"line":23,"column":6}},"2":{"start":{"line":27,"column":4},"end":{"line":30,"column":6}},"3":{"start":{"line":34,"column":4},"end":{"line":37,"column":6}},"4":{"start":{"line":41,"column":4},"end":{"line":43,"column":6}}},"fnMap":{"0":{"name":"setQuestions","decl":{"start":{"line":12,"column":16},"end":{"line":12,"column":28}},"loc":{"start":{"line":12,"column":74},"end":{"line":17,"column":1}},"line":12},"1":{"name":"stepPosition","decl":{"start":{"line":19,"column":16},"end":{"line":19,"column":28}},"loc":{"start":{"line":19,"column":69},"end":{"line":24,"column":1}},"line":19},"2":{"name":"setScoreList","decl":{"start":{"line":26,"column":16},"end":{"line":26,"column":28}},"loc":{"start":{"line":26,"column":69},"end":{"line":31,"column":1}},"line":26},"3":{"name":"setScore","decl":{"start":{"line":33,"column":16},"end":{"line":33,"column":24}},"loc":{"start":{"line":33,"column":62},"end":{"line":38,"column":1}},"line":33},"4":{"name":"playAgain","decl":{"start":{"line":40,"column":16},"end":{"line":40,"column":25}},"loc":{"start":{"line":40,"column":50},"end":{"line":44,"column":1}},"line":40}},"branchMap":{},"s":{"0":1,"1":1,"2":1,"3":1,"4":1},"f":{"0":1,"1":1,"2":1,"3":1,"4":1},"b":{},"_coverageSchema":"1a1c01bbd47fc00a2c39e90264f33305004495a9","hash":"290ced3183479430333776c7368dd7fe0477d36d"}
,"/Users/henriquehermes/Documents/G2i-ReactNative/src/store/reducers/questions/reducer.ts": {"path":"/Users/henriquehermes/Documents/G2i-ReactNative/src/store/reducers/questions/reducer.ts","statementMap":{"0":{"start":{"line":11,"column":38},"end":{"line":16,"column":1}},"1":{"start":{"line":19,"column":4},"end":{"line":54,"column":5}},"2":{"start":{"line":21,"column":12},"end":{"line":24,"column":14}},"3":{"start":{"line":27,"column":12},"end":{"line":30,"column":14}},"4":{"start":{"line":33,"column":12},"end":{"line":36,"column":14}},"5":{"start":{"line":39,"column":12},"end":{"line":42,"column":14}},"6":{"start":{"line":45,"column":12},"end":{"line":50,"column":14}},"7":{"start":{"line":53,"column":12},"end":{"line":53,"column":25}}},"fnMap":{"0":{"name":"(anonymous_0)","decl":{"start":{"line":18,"column":15},"end":{"line":18,"column":16}},"loc":{"start":{"line":18,"column":72},"end":{"line":55,"column":1}},"line":18}},"branchMap":{"0":{"loc":{"start":{"line":18,"column":16},"end":{"line":18,"column":37}},"type":"default-arg","locations":[{"start":{"line":18,"column":24},"end":{"line":18,"column":37}}],"line":18},"1":{"loc":{"start":{"line":19,"column":4},"end":{"line":54,"column":5}},"type":"switch","locations":[{"start":{"line":20,"column":8},"end":{"line":25,"column":9}},{"start":{"line":26,"column":8},"end":{"line":31,"column":9}},{"start":{"line":32,"column":8},"end":{"line":37,"column":9}},{"start":{"line":38,"column":8},"end":{"line":43,"column":9}},{"start":{"line":44,"column":8},"end":{"line":51,"column":9}},{"start":{"line":52,"column":8},"end":{"line":53,"column":25}}],"line":19}},"s":{"0":1,"1":5,"2":1,"3":1,"4":1,"5":1,"6":1,"7":0},"f":{"0":5},"b":{"0":[0],"1":[1,1,1,1,1,0]},"_coverageSchema":"1a1c01bbd47fc00a2c39e90264f33305004495a9","hash":"d7d162bf8d87469b393a5816dde1a0c6dace7f73"}
,"/Users/henriquehermes/Documents/G2i-ReactNative/src/store/reducers/questions/types.ts": {"path":"/Users/henriquehermes/Documents/G2i-ReactNative/src/store/reducers/questions/types.ts","statementMap":{"0":{"start":{"line":1,"column":29},"end":{"line":1,"column":44}},"1":{"start":{"line":2,"column":33},"end":{"line":2,"column":52}},"2":{"start":{"line":3,"column":25},"end":{"line":3,"column":36}},"3":{"start":{"line":4,"column":30},"end":{"line":4,"column":46}},"4":{"start":{"line":5,"column":26},"end":{"line":5,"column":38}}},"fnMap":{},"branchMap":{},"s":{"0":2,"1":2,"2":2,"3":2,"4":2},"f":{},"b":{},"_coverageSchema":"1a1c01bbd47fc00a2c39e90264f33305004495a9","hash":"fbf09403a1ba8100b18478e01c2fc9c4f6d7fa3c"}
,"/Users/henriquehermes/Documents/G2i-ReactNative/src/utils/Constants.ts": {"path":"/Users/henriquehermes/Documents/G2i-ReactNative/src/utils/Constants.ts","statementMap":{"0":{"start":{"line":1,"column":27},"end":{"line":4,"column":1}}},"fnMap":{},"branchMap":{},"s":{"0":1},"f":{},"b":{},"_coverageSchema":"1a1c01bbd47fc00a2c39e90264f33305004495a9","hash":"c64193ec256ec9f914321dfdbe483cb144353fb5"}
}
