TN:
SF:src/config/api.ts
FNF:0
FNH:0
DA:3,1
DA:5,1
LF:2
LH:2
BRF:0
BRH:0
end_of_record
TN:
SF:src/models/Questions.ts
FN:16,(anonymous_0)
FN:20,(anonymous_1)
FN:22,(anonymous_2)
FN:35,(anonymous_3)
FNF:4
FNH:4
FNDA:1,(anonymous_0)
FNDA:1,(anonymous_1)
FNDA:1,(anonymous_2)
FNDA:1,(anonymous_3)
DA:17,1
DA:21,1
DA:22,1
DA:36,1
DA:37,1
DA:39,1
DA:40,1
DA:41,1
DA:42,1
DA:43,1
DA:44,1
DA:45,1
LF:12
LH:12
BRDA:21,0,0,0
BRDA:21,0,1,1
BRDA:39,1,0,0
BRDA:39,1,1,1
BRDA:40,2,0,0
BRDA:40,2,1,1
BRF:6
BRH:3
end_of_record
TN:
SF:src/services/Onboarding.ts
FN:6,getQuestions
FNF:1
FNH:1
FNDA:1,getQuestions
DA:4,1
DA:7,1
DA:8,1
DA:10,1
LF:4
LH:4
BRF:0
BRH:0
end_of_record
TN:
SF:src/store/reducers/general/actions.ts
FN:3,setIsLoading
FNF:1
FNH:1
FNDA:1,setIsLoading
DA:4,1
LF:1
LH:1
BRF:0
BRH:0
end_of_record
TN:
SF:src/store/reducers/general/reducer.ts
FN:7,(anonymous_0)
FNF:1
FNH:1
FNDA:1,(anonymous_0)
DA:3,1
DA:8,1
DA:10,1
DA:16,0
LF:4
LH:3
BRDA:7,0,0,1
BRDA:8,1,0,1
BRDA:8,1,1,0
BRF:3
BRH:2
end_of_record
TN:
SF:src/store/reducers/general/types.ts
FNF:0
FNH:0
DA:1,2
LF:1
LH:1
BRF:0
BRH:0
end_of_record
TN:
SF:src/store/reducers/questions/actions.ts
FN:12,setQuestions
FN:19,stepPosition
FN:26,setScoreList
FN:33,setScore
FN:40,playAgain
FNF:5
FNH:5
FNDA:1,setQuestions
FNDA:1,stepPosition
FNDA:1,setScoreList
FNDA:1,setScore
FNDA:1,playAgain
DA:13,1
DA:20,1
DA:27,1
DA:34,1
DA:41,1
LF:5
LH:5
BRF:0
BRH:0
end_of_record
TN:
SF:src/store/reducers/questions/reducer.ts
FN:18,(anonymous_0)
FNF:1
FNH:1
FNDA:5,(anonymous_0)
DA:11,1
DA:19,5
DA:21,1
DA:27,1
DA:33,1
DA:39,1
DA:45,1
DA:53,0
LF:8
LH:7
BRDA:18,0,0,0
BRDA:19,1,0,1
BRDA:19,1,1,1
BRDA:19,1,2,1
BRDA:19,1,3,1
BRDA:19,1,4,1
BRDA:19,1,5,0
BRF:7
BRH:5
end_of_record
TN:
SF:src/store/reducers/questions/types.ts
FNF:0
FNH:0
DA:1,2
DA:2,2
DA:3,2
DA:4,2
DA:5,2
LF:5
LH:5
BRF:0
BRH:0
end_of_record
TN:
SF:src/utils/Constants.ts
FNF:0
FNH:0
DA:1,1
LF:1
LH:1
BRF:0
BRH:0
end_of_record
